/*C21*/SET SCHEMA PUBLIC
CREATE TABLE IF NOT EXISTS operator (operatorId INTEGER GENERATED ALWAYS AS IDENTITY PRIMARY KEY, operatorName VARCHAR(255) UNIQUE NOT NULL)
DISCONNECT
/*C22*/SET SCHEMA PUBLIC
CREATE TABLE IF NOT EXISTS station (stationId INTEGER GENERATED ALWAYS AS IDENTITY PRIMARY KEY, stationName VARCHAR(255) UNIQUE NOT NULL)
DISCONNECT
/*C23*/SET SCHEMA PUBLIC
CREATE TABLE IF NOT EXISTS line (lineId INTEGER GENERATED ALWAYS AS IDENTITY PRIMARY KEY, lineName VARCHAR(255) NOT NULL, operatorId INTEGER REFERENCES operator(operatorId), UNIQUE(lineName, operatorId))
DISCONNECT
/*C24*/SET SCHEMA PUBLIC
CREATE TABLE IF NOT EXISTS stop (lineId INTEGER REFERENCES line(lineId), stationId INTEGER REFERENCES station(stationId), stopSequence int NOT NULL, PRIMARY KEY(lineId, stationId), UNIQUE (lineId, stopSequence))
DISCONNECT
/*C25*/SET SCHEMA PUBLIC
DISCONNECT
/*C26*/SET SCHEMA PUBLIC
DISCONNECT
/*C27*/SET SCHEMA PUBLIC
DISCONNECT
/*C28*/SET SCHEMA PUBLIC
DISCONNECT
